0 info it worked if it ends with ok
1 verbose cli [
1 verbose cli   '/data/data/com.termux/files/usr/bin/node',
1 verbose cli   '/data/data/com.termux/files/usr/bin/npm',
1 verbose cli   'i',
1 verbose cli   '--save',
1 verbose cli   'simantic'
1 verbose cli ]
2 info using npm@6.9.0
3 info using node@v12.4.0
4 verbose config Skipping project config: /data/data/com.termux/files/home/.npmrc. (matches userconfig)
5 verbose npm-session e2b49747e47be8ff
6 silly install loadCurrentTree
7 silly install readLocalPackageData
8 silly fetchPackageMetaData error for simantic@latest request to https://registry.npmjs.org/simantic failed, reason: getaddrinfo ENOTFOUND registry.npmjs.org
9 timing stage:rollbackFailedOptional Completed in 9ms
10 timing stage:runTopLevelLifecycles Completed in 20467ms
11 verbose type system
12 verbose stack FetchError: request to https://registry.npmjs.org/simantic failed, reason: getaddrinfo ENOTFOUND registry.npmjs.org
12 verbose stack     at ClientRequest.<anonymous> (/data/data/com.termux/files/usr/lib/node_modules/npm/node_modules/node-fetch-npm/src/index.js:68:14)
12 verbose stack     at ClientRequest.emit (events.js:200:13)
12 verbose stack     at TLSSocket.socketErrorListener (_http_client.js:402:9)
12 verbose stack     at TLSSocket.emit (events.js:200:13)
12 verbose stack     at emitErrorNT (internal/streams/destroy.js:91:8)
12 verbose stack     at emitErrorAndCloseNT (internal/streams/destroy.js:59:3)
12 verbose stack     at processTicksAndRejections (internal/process/task_queues.js:84:9)
13 verbose cwd /data/data/com.termux/files/home
14 verbose Linux 3.10.54
15 verbose argv "/data/data/com.termux/files/usr/bin/node" "/data/data/com.termux/files/usr/bin/npm" "i" "--save" "simantic"
16 verbose node v12.4.0
17 verbose npm  v6.9.0
18 error code ENOTFOUND
19 error errno ENOTFOUND
20 error network request to https://registry.npmjs.org/simantic failed, reason: getaddrinfo ENOTFOUND registry.npmjs.org
21 error network This is a problem related to network connectivity.
21 error network In most cases you are behind a proxy or have bad network settings.
21 error network
21 error network If you are behind a proxy, please make sure that the
21 error network 'proxy' config is set properly.  See: 'npm help config'
22 verbose exit [ 1, true ]
